{"name": "test_upload_checkout", "status": "failed", "statusDetails": {"message": "AssertionError: Assertion Failure, The status code is not 201, body: {\"statusCode\":422,\"message\":\"Product mapping failed\",\"response\":{\"status\":\"Failed\",\"statusCode\":422,\"message\":\"Product mapping failed\"},\"status\":422,\"options\":{},\"name\":\"UnprocessableEntityException\",\"rollbackTransaction\":false,\"timestamp\":\"2024-01-29T11:49:12.294Z\"}", "trace": "setup = <controllers.settings.Settings object at 0x000001AEB92F85F0>\nworkspaces_data = {'address': None, 'channels': [], 'clientWorkspaceId': '758dd161-619e-45d9-b0d8-965d234a137c', 'code': 'sunpc', ...}\n\n    @pytest.fixture\n    def test_upload_order(setup,workspaces_data):\n        orderObj=UploadOrders(setup)\n        upload_order_res=orderObj.upload_order(workspaces_data)\n    \n    \n>       OrderAssertion.verify_response_code_with_201(upload_order_res)\n\ntestsuites\\features\\orders\\test_upload_order_add_to_cart.py:12: \n_ _ _ _ _ _ _ _ _ _ _ _ _ _ _ _ _ _ _ _ _ _ _ _ _ _ _ _ _ _ _ _ _ _ _ _ _ _ _ _ _ _ _ _ _ _ _ _ _ _ _ _ _ _ _ _ _ _ _ _ _ _ _ _ _ _ _ _ _ _ _ _ _ _ _ _ _ _ _\ncontrollers\\api_util\\base_request.py:124: in verify_response_code_with_201\n    cls.log_assert(res.status_code == 201,\n_ _ _ _ _ _ _ _ _ _ _ _ _ _ _ _ _ _ _ _ _ _ _ _ _ _ _ _ _ _ _ _ _ _ _ _ _ _ _ _ _ _ _ _ _ _ _ _ _ _ _ _ _ _ _ _ _ _ _ _ _ _ _ _ _ _ _ _ _ _ _ _ _ _ _ _ _ _ _\n\ncls = <class 'controllers.features.order.OrderAssertion'>, func = False\nmessages = 'Assertion Failure, The status code is not 201, body: {\"statusCode\":422,\"message\":\"Product mapping failed\",\"response\":...\"options\":{},\"name\":\"UnprocessableEntityException\",\"rollbackTransaction\":false,\"timestamp\":\"2024-01-29T11:49:12.294Z\"}'\n\n    @classmethod\n    def log_assert(cls, func, messages):\n        if not func:\n            logging.error(messages)\n    \n>       assert func, messages\nE       AssertionError: Assertion Failure, The status code is not 201, body: {\"statusCode\":422,\"message\":\"Product mapping failed\",\"response\":{\"status\":\"Failed\",\"statusCode\":422,\"message\":\"Product mapping failed\"},\"status\":422,\"options\":{},\"name\":\"UnprocessableEntityException\",\"rollbackTransaction\":false,\"timestamp\":\"2024-01-29T11:49:12.294Z\"}\n\ncontrollers\\api_util\\base_request.py:115: AssertionError"}, "attachments": [{"name": "log", "source": "20d2cd94-0e33-4a1f-945e-a19b72e68b1f-attachment.txt", "type": "text/plain"}], "start": 1706528949542, "stop": 1706528949542, "uuid": "db4081fc-5b51-4ce0-b9c8-fe18f1f5d1b6", "historyId": "039a793d166a20538cdcbbc080c9f9b6", "testCaseId": "039a793d166a20538cdcbbc080c9f9b6", "fullName": "testsuites.features.orders.test_upload_order_add_to_cart#test_upload_checkout", "labels": [{"name": "parentSuite", "value": "testsuites.features.orders"}, {"name": "suite", "value": "test_upload_order_add_to_cart"}, {"name": "host", "value": "LAPTOP-SL4G7L3L"}, {"name": "thread", "value": "20276-MainThread"}, {"name": "framework", "value": "pytest"}, {"name": "language", "value": "cpython3"}, {"name": "package", "value": "testsuites.features.orders.test_upload_order_add_to_cart"}]}